<?xml version="1.0" encoding="UTF-8"?>
<!-- Generated by org.testng.reporters.JUnitXMLReporter -->
<testsuite hostname="DESKTOP-0PBS36T" name="Default test" tests="2" failures="0" timestamp="30 Dec 2020 10:57:14 GMT" time="0.038" errors="0">
  <testcase name="listSingleUser" time="0.0" classname="a1.RestAssured.REQRESTests">
    <skipped/>
  </testcase> <!-- listSingleUser -->
  <testcase name="listUsersInaPage" time="0.0" classname="a1.RestAssured.REQRESTests">
    <skipped/>
  </testcase> <!-- listUsersInaPage -->
</testsuite> <!-- Default test -->
